/zfsauton2/home/shrinivr/.local/lib/python3.10/site-packages/gym/envs/registration.py:440: UserWarning: [33mWARN: The `registry.env_specs` property along with `EnvSpecTree` is deprecated. Please use `registry` directly as a dictionary instead.[0m
  logger.warn(
/zfsauton2/home/shrinivr/.local/lib/python3.10/site-packages/gym/core.py:329: DeprecationWarning: [33mWARN: Initializing wrapper in old step API which returns one bool instead of two. It is recommended to set `new_step_api=True` to use new step API. This will be the default behaviour in future.[0m
  deprecation(
/zfsauton2/home/shrinivr/.local/lib/python3.10/site-packages/gym/wrappers/step_api_compatibility.py:39: DeprecationWarning: [33mWARN: Initializing environment in old step API which returns one bool instead of two. It is recommended to set `new_step_api=True` to use new step API. This will be the default behaviour in future.[0m
  deprecation(
/zfsauton2/home/shrinivr/.local/lib/python3.10/site-packages/gym/core.py:268: DeprecationWarning: [33mWARN: Function `env.seed(seed)` is marked as deprecated and will be removed in the future. Please use `env.reset(seed=seed)` instead.[0m
  deprecation(
/zfsauton2/home/shrinivr/.local/lib/python3.10/site-packages/gym/utils/passive_env_checker.py:174: UserWarning: [33mWARN: Future gym versions will require that `Env.reset` can be passed a `seed` instead of using `Env.seed` for resetting the environment random number generator.[0m
  logger.warn(
/zfsauton2/home/shrinivr/.local/lib/python3.10/site-packages/gym/utils/passive_env_checker.py:190: UserWarning: [33mWARN: Future gym versions will require that `Env.reset` can be passed `return_info` to return information from the environment resetting.[0m
  logger.warn(
/zfsauton2/home/shrinivr/.local/lib/python3.10/site-packages/gym/utils/passive_env_checker.py:195: UserWarning: [33mWARN: Future gym versions will require that `Env.reset` can be passed `options` to allow the environment initialisation to be passed additional information.[0m
  logger.warn(
/zfsauton2/home/shrinivr/.local/lib/python3.10/site-packages/gym/utils/passive_env_checker.py:141: UserWarning: [33mWARN: The obs returned by the `reset()` method was expecting numpy array dtype to be float32, actual type: float64[0m
  logger.warn(
/zfsauton2/home/shrinivr/.local/lib/python3.10/site-packages/gym/utils/passive_env_checker.py:165: UserWarning: [33mWARN: The obs returned by the `reset()` method is not within the observation space.[0m
  logger.warn(f"{pre} is not within the observation space.")
/zfsauton2/home/shrinivr/.local/lib/python3.10/site-packages/gym/utils/passive_env_checker.py:227: DeprecationWarning: [33mWARN: Core environment is written in old step API which returns one bool instead of two. It is recommended to rewrite the environment with new step API. [0m
  logger.deprecation(
/zfsauton2/home/shrinivr/.local/lib/python3.10/site-packages/gym/utils/passive_env_checker.py:233: DeprecationWarning: `np.bool8` is a deprecated alias for `np.bool_`.  (Deprecated NumPy 1.24)
  if not isinstance(done, (bool, np.bool8)):
/zfsauton2/home/shrinivr/.local/lib/python3.10/site-packages/gym/utils/passive_env_checker.py:141: UserWarning: [33mWARN: The obs returned by the `step()` method was expecting numpy array dtype to be float32, actual type: float64[0m
  logger.warn(
/zfsauton2/home/shrinivr/.local/lib/python3.10/site-packages/gym/utils/passive_env_checker.py:165: UserWarning: [33mWARN: The obs returned by the `step()` method is not within the observation space.[0m
  logger.warn(f"{pre} is not within the observation space.")



LOGGING TO:  /zfsauton2/home/shrinivr/16831-S25-HW/hw3/rob831/scripts/../../data/q1_doubledqn_1_LunarLander-v3_13-03-2025_15-52-41 



########################
logging outputs to  /zfsauton2/home/shrinivr/16831-S25-HW/hw3/rob831/scripts/../../data/q1_doubledqn_1_LunarLander-v3_13-03-2025_15-52-41
########################
Using GPU id 0


********** Iteration 0 ************

Training agent...

Beginning logging procedure...
Timestep 1
mean reward (100 episodes) nan
best mean reward -inf
running time 0.000920
/zfsauton2/home/shrinivr/.local/lib/python3.10/site-packages/tensorboardX/summary.py:153: DeprecationWarning: Conversion of an array with ndim > 0 to a scalar is deprecated, and will error in future. Ensure you extract a single element from your array before performing this operation. (Deprecated NumPy 1.25.)
  scalar = float(scalar)
Train_EnvstepsSoFar : 1
TimeSinceStart : 0.0009202957153320312
Done logging...




********** Iteration 1000 ************

Training agent...


********** Iteration 2000 ************

Training agent...


********** Iteration 3000 ************

Training agent...


********** Iteration 4000 ************

Training agent...


********** Iteration 5000 ************

Training agent...


********** Iteration 6000 ************

Training agent...


********** Iteration 7000 ************

Training agent...


********** Iteration 8000 ************

Training agent...


********** Iteration 9000 ************

Training agent...


********** Iteration 10000 ************

Training agent...

Beginning logging procedure...
Timestep 10001
mean reward (100 episodes) -246.714149
best mean reward -inf
running time 25.705419
Train_EnvstepsSoFar : 10001
Train_AverageReturn : -246.71414898939892
TimeSinceStart : 25.705418586730957
Training Loss : 0.39969971776008606
Done logging...




********** Iteration 11000 ************

Training agent...


********** Iteration 12000 ************

Training agent...


********** Iteration 13000 ************

Training agent...


********** Iteration 14000 ************

Training agent...


********** Iteration 15000 ************

Training agent...


********** Iteration 16000 ************

Training agent...


********** Iteration 17000 ************

Training agent...


********** Iteration 18000 ************

Training agent...


********** Iteration 19000 ************

Training agent...


********** Iteration 20000 ************

Training agent...

Beginning logging procedure...
Timestep 20001
mean reward (100 episodes) -217.926292
best mean reward -inf
running time 62.892558
Train_EnvstepsSoFar : 20001
Train_AverageReturn : -217.92629180810164
TimeSinceStart : 62.892558097839355
Training Loss : 0.5104348063468933
Done logging...




********** Iteration 21000 ************

Training agent...


********** Iteration 22000 ************

Training agent...


********** Iteration 23000 ************

Training agent...


********** Iteration 24000 ************

Training agent...


********** Iteration 25000 ************

Training agent...


********** Iteration 26000 ************

Training agent...


********** Iteration 27000 ************

Training agent...


********** Iteration 28000 ************

Training agent...


********** Iteration 29000 ************

Training agent...


********** Iteration 30000 ************

Training agent...

Beginning logging procedure...
Timestep 30001
mean reward (100 episodes) -207.547897
best mean reward -inf
running time 101.804220
Train_EnvstepsSoFar : 30001
Train_AverageReturn : -207.54789658937892
TimeSinceStart : 101.80422019958496
Training Loss : 0.45457029342651367
Done logging...




********** Iteration 31000 ************

Training agent...


********** Iteration 32000 ************

Training agent...


********** Iteration 33000 ************

Training agent...


********** Iteration 34000 ************

Training agent...


********** Iteration 35000 ************

Training agent...


********** Iteration 36000 ************

Training agent...


********** Iteration 37000 ************

Training agent...


********** Iteration 38000 ************

Training agent...


********** Iteration 39000 ************

Training agent...


********** Iteration 40000 ************

Training agent...

Beginning logging procedure...
Timestep 40001
mean reward (100 episodes) -197.411434
best mean reward -inf
running time 142.569776
Train_EnvstepsSoFar : 40001
Train_AverageReturn : -197.41143446095185
TimeSinceStart : 142.56977558135986
Training Loss : 0.3123592734336853
Done logging...




********** Iteration 41000 ************

Training agent...


********** Iteration 42000 ************

Training agent...


********** Iteration 43000 ************

Training agent...


********** Iteration 44000 ************

Training agent...


********** Iteration 45000 ************

Training agent...


********** Iteration 46000 ************

Training agent...


********** Iteration 47000 ************

Training agent...


********** Iteration 48000 ************

Training agent...


********** Iteration 49000 ************

Training agent...


********** Iteration 50000 ************

Training agent...

Beginning logging procedure...
Timestep 50001
mean reward (100 episodes) -174.789837
best mean reward -174.789837
running time 182.000004
Train_EnvstepsSoFar : 50001
Train_AverageReturn : -174.78983674326787
Train_BestReturn : -174.78983674326787
TimeSinceStart : 182.00000381469727
Training Loss : 0.35743826627731323
Done logging...




********** Iteration 51000 ************

Training agent...


********** Iteration 52000 ************

Training agent...


********** Iteration 53000 ************

Training agent...


********** Iteration 54000 ************

Training agent...


********** Iteration 55000 ************

Training agent...


********** Iteration 56000 ************

Training agent...


********** Iteration 57000 ************

Training agent...


********** Iteration 58000 ************

Training agent...


********** Iteration 59000 ************

Training agent...


********** Iteration 60000 ************

Training agent...

Beginning logging procedure...
Timestep 60001
mean reward (100 episodes) -157.950938
best mean reward -157.950938
running time 220.379832
Train_EnvstepsSoFar : 60001
Train_AverageReturn : -157.95093816118978
Train_BestReturn : -157.95093816118978
TimeSinceStart : 220.37983202934265
Training Loss : 0.8740168213844299
Done logging...




********** Iteration 61000 ************

Training agent...


********** Iteration 62000 ************

Training agent...


********** Iteration 63000 ************

Training agent...


********** Iteration 64000 ************

Training agent...


********** Iteration 65000 ************

Training agent...


********** Iteration 66000 ************

Training agent...


********** Iteration 67000 ************

Training agent...


********** Iteration 68000 ************

Training agent...


********** Iteration 69000 ************

Training agent...


********** Iteration 70000 ************

Training agent...

Beginning logging procedure...
Timestep 70001
mean reward (100 episodes) -121.075691
best mean reward -121.075691
running time 258.820636
Train_EnvstepsSoFar : 70001
Train_AverageReturn : -121.07569057144889
Train_BestReturn : -121.07569057144889
TimeSinceStart : 258.8206355571747
Training Loss : 0.15661929547786713
Done logging...




********** Iteration 71000 ************

Training agent...


********** Iteration 72000 ************

Training agent...


********** Iteration 73000 ************

Training agent...


********** Iteration 74000 ************

Training agent...


********** Iteration 75000 ************

Training agent...


********** Iteration 76000 ************

Training agent...


********** Iteration 77000 ************

Training agent...


********** Iteration 78000 ************

Training agent...


********** Iteration 79000 ************

Training agent...


********** Iteration 80000 ************

Training agent...

Beginning logging procedure...
Timestep 80001
mean reward (100 episodes) -85.584990
best mean reward -85.584990
running time 294.996642
Train_EnvstepsSoFar : 80001
Train_AverageReturn : -85.58499008657132
Train_BestReturn : -85.58499008657132
TimeSinceStart : 294.99664211273193
Training Loss : 0.1625068634748459
Done logging...




********** Iteration 81000 ************

Training agent...


********** Iteration 82000 ************

Training agent...


********** Iteration 83000 ************

Training agent...


********** Iteration 84000 ************

Training agent...


********** Iteration 85000 ************

Training agent...


********** Iteration 86000 ************

Training agent...


********** Iteration 87000 ************

Training agent...


********** Iteration 88000 ************

Training agent...


********** Iteration 89000 ************

Training agent...


********** Iteration 90000 ************

Training agent...

Beginning logging procedure...
Timestep 90001
mean reward (100 episodes) -64.649401
best mean reward -64.649401
running time 331.319557
Train_EnvstepsSoFar : 90001
Train_AverageReturn : -64.6494012743916
Train_BestReturn : -64.6494012743916
TimeSinceStart : 331.31955671310425
Training Loss : 0.09561268985271454
Done logging...




********** Iteration 91000 ************

Training agent...


********** Iteration 92000 ************

Training agent...


********** Iteration 93000 ************

Training agent...


********** Iteration 94000 ************

Training agent...


********** Iteration 95000 ************

Training agent...


********** Iteration 96000 ************

Training agent...


********** Iteration 97000 ************

Training agent...


********** Iteration 98000 ************

Training agent...


********** Iteration 99000 ************

Training agent...


********** Iteration 100000 ************

Training agent...

Beginning logging procedure...
Timestep 100001
mean reward (100 episodes) -51.589492
best mean reward -51.589492
running time 371.632179
Train_EnvstepsSoFar : 100001
Train_AverageReturn : -51.589492209214015
Train_BestReturn : -51.589492209214015
TimeSinceStart : 371.6321792602539
Training Loss : 0.16481783986091614
Done logging...




********** Iteration 101000 ************

Training agent...


********** Iteration 102000 ************

Training agent...


********** Iteration 103000 ************

Training agent...


********** Iteration 104000 ************

Training agent...


********** Iteration 105000 ************

Training agent...


********** Iteration 106000 ************

Training agent...


********** Iteration 107000 ************

Training agent...


********** Iteration 108000 ************

Training agent...


********** Iteration 109000 ************

Training agent...


********** Iteration 110000 ************

Training agent...

Beginning logging procedure...
Timestep 110001
mean reward (100 episodes) -28.777455
best mean reward -28.777455
running time 406.405878
Train_EnvstepsSoFar : 110001
Train_AverageReturn : -28.77745512739027
Train_BestReturn : -28.77745512739027
TimeSinceStart : 406.405877828598
Training Loss : 0.18578815460205078
Done logging...




********** Iteration 111000 ************

Training agent...


********** Iteration 112000 ************

Training agent...


********** Iteration 113000 ************

Training agent...


********** Iteration 114000 ************

Training agent...


********** Iteration 115000 ************

Training agent...


********** Iteration 116000 ************

Training agent...


********** Iteration 117000 ************

Training agent...


********** Iteration 118000 ************

Training agent...


********** Iteration 119000 ************

Training agent...


********** Iteration 120000 ************

Training agent...

Beginning logging procedure...
Timestep 120001
mean reward (100 episodes) -11.482028
best mean reward -11.482028
running time 440.935605
Train_EnvstepsSoFar : 120001
Train_AverageReturn : -11.482027912151764
Train_BestReturn : -11.482027912151764
TimeSinceStart : 440.9356048107147
Training Loss : 0.2832508087158203
Done logging...




********** Iteration 121000 ************

Training agent...


********** Iteration 122000 ************

Training agent...


********** Iteration 123000 ************

Training agent...


********** Iteration 124000 ************

Training agent...


********** Iteration 125000 ************

Training agent...


********** Iteration 126000 ************

Training agent...


********** Iteration 127000 ************

Training agent...


********** Iteration 128000 ************

Training agent...


********** Iteration 129000 ************

Training agent...


********** Iteration 130000 ************

Training agent...

Beginning logging procedure...
Timestep 130001
mean reward (100 episodes) 12.372287
best mean reward 12.372287
running time 478.862654
Train_EnvstepsSoFar : 130001
Train_AverageReturn : 12.372286893459904
Train_BestReturn : 12.372286893459904
TimeSinceStart : 478.86265420913696
Training Loss : 0.10826274752616882
Done logging...




********** Iteration 131000 ************

Training agent...


********** Iteration 132000 ************

Training agent...


********** Iteration 133000 ************

Training agent...


********** Iteration 134000 ************

Training agent...


********** Iteration 135000 ************

Training agent...


********** Iteration 136000 ************

Training agent...


********** Iteration 137000 ************

Training agent...


********** Iteration 138000 ************

Training agent...


********** Iteration 139000 ************

Training agent...


********** Iteration 140000 ************

Training agent...

Beginning logging procedure...
Timestep 140001
mean reward (100 episodes) 20.484599
best mean reward 20.484599
running time 514.945503
Train_EnvstepsSoFar : 140001
Train_AverageReturn : 20.484598843013845
Train_BestReturn : 20.484598843013845
TimeSinceStart : 514.9455029964447
Training Loss : 0.5479866862297058
Done logging...




********** Iteration 141000 ************

Training agent...


********** Iteration 142000 ************

Training agent...


********** Iteration 143000 ************

Training agent...


********** Iteration 144000 ************

Training agent...


********** Iteration 145000 ************

Training agent...


********** Iteration 146000 ************

Training agent...


********** Iteration 147000 ************

Training agent...


********** Iteration 148000 ************

Training agent...


********** Iteration 149000 ************

Training agent...


********** Iteration 150000 ************

Training agent...

Beginning logging procedure...
Timestep 150001
mean reward (100 episodes) 32.348309
best mean reward 32.348309
running time 551.994938
Train_EnvstepsSoFar : 150001
Train_AverageReturn : 32.348308910375366
Train_BestReturn : 32.348308910375366
TimeSinceStart : 551.9949376583099
Training Loss : 0.20799975097179413
Done logging...




********** Iteration 151000 ************

Training agent...


********** Iteration 152000 ************

Training agent...


********** Iteration 153000 ************

Training agent...


********** Iteration 154000 ************

Training agent...


********** Iteration 155000 ************

Training agent...


********** Iteration 156000 ************

Training agent...


********** Iteration 157000 ************

Training agent...


********** Iteration 158000 ************

Training agent...


********** Iteration 159000 ************

Training agent...


********** Iteration 160000 ************

Training agent...

Beginning logging procedure...
Timestep 160001
mean reward (100 episodes) 40.766472
best mean reward 40.766472
running time 589.151813
Train_EnvstepsSoFar : 160001
Train_AverageReturn : 40.76647235699523
Train_BestReturn : 40.76647235699523
TimeSinceStart : 589.1518130302429
Training Loss : 0.12570111453533173
Done logging...




********** Iteration 161000 ************

Training agent...


********** Iteration 162000 ************

Training agent...


********** Iteration 163000 ************

Training agent...


********** Iteration 164000 ************

Training agent...


********** Iteration 165000 ************

Training agent...


********** Iteration 166000 ************

Training agent...


********** Iteration 167000 ************

Training agent...


********** Iteration 168000 ************

Training agent...


********** Iteration 169000 ************

Training agent...


********** Iteration 170000 ************

Training agent...

Beginning logging procedure...
Timestep 170001
mean reward (100 episodes) 52.168092
best mean reward 52.168092
running time 624.552598
Train_EnvstepsSoFar : 170001
Train_AverageReturn : 52.168092399666065
Train_BestReturn : 52.168092399666065
TimeSinceStart : 624.5525977611542
Training Loss : 0.16295716166496277
Done logging...




********** Iteration 171000 ************

Training agent...


********** Iteration 172000 ************

Training agent...


********** Iteration 173000 ************

Training agent...


********** Iteration 174000 ************

Training agent...


********** Iteration 175000 ************

Training agent...


********** Iteration 176000 ************

Training agent...


********** Iteration 177000 ************

Training agent...


********** Iteration 178000 ************

Training agent...


********** Iteration 179000 ************

Training agent...


********** Iteration 180000 ************

Training agent...

Beginning logging procedure...
Timestep 180001
mean reward (100 episodes) 60.311359
best mean reward 60.311359
running time 662.246960
Train_EnvstepsSoFar : 180001
Train_AverageReturn : 60.31135859655063
Train_BestReturn : 60.31135859655063
TimeSinceStart : 662.2469596862793
Training Loss : 0.13381138443946838
Done logging...




********** Iteration 181000 ************

Training agent...


********** Iteration 182000 ************

Training agent...


********** Iteration 183000 ************

Training agent...


********** Iteration 184000 ************

Training agent...


********** Iteration 185000 ************

Training agent...


********** Iteration 186000 ************

Training agent...


********** Iteration 187000 ************

Training agent...


********** Iteration 188000 ************

Training agent...


********** Iteration 189000 ************

Training agent...


********** Iteration 190000 ************

Training agent...

Beginning logging procedure...
Timestep 190001
mean reward (100 episodes) 66.673619
best mean reward 66.673619
running time 697.169610
Train_EnvstepsSoFar : 190001
Train_AverageReturn : 66.67361850361748
Train_BestReturn : 66.67361850361748
TimeSinceStart : 697.1696100234985
Training Loss : 0.12797971069812775
Done logging...




********** Iteration 191000 ************

Training agent...


********** Iteration 192000 ************

Training agent...


********** Iteration 193000 ************

Training agent...


********** Iteration 194000 ************

Training agent...


********** Iteration 195000 ************

Training agent...


********** Iteration 196000 ************

Training agent...


********** Iteration 197000 ************

Training agent...


********** Iteration 198000 ************

Training agent...


********** Iteration 199000 ************

Training agent...


********** Iteration 200000 ************

Training agent...

Beginning logging procedure...
Timestep 200001
mean reward (100 episodes) 68.761020
best mean reward 68.761020
running time 731.284836
Train_EnvstepsSoFar : 200001
Train_AverageReturn : 68.76102048350263
Train_BestReturn : 68.76102048350263
TimeSinceStart : 731.2848358154297
Training Loss : 0.49696964025497437
Done logging...




********** Iteration 201000 ************

Training agent...


********** Iteration 202000 ************

Training agent...


********** Iteration 203000 ************

Training agent...


********** Iteration 204000 ************

Training agent...


********** Iteration 205000 ************

Training agent...


********** Iteration 206000 ************

Training agent...


********** Iteration 207000 ************

Training agent...


********** Iteration 208000 ************

Training agent...


********** Iteration 209000 ************

Training agent...


********** Iteration 210000 ************

Training agent...

Beginning logging procedure...
Timestep 210001
mean reward (100 episodes) 84.867109
best mean reward 84.867109
running time 763.561716
Train_EnvstepsSoFar : 210001
Train_AverageReturn : 84.86710880604964
Train_BestReturn : 84.86710880604964
TimeSinceStart : 763.5617156028748
Training Loss : 0.15533447265625
Done logging...




********** Iteration 211000 ************

Training agent...


********** Iteration 212000 ************

Training agent...


********** Iteration 213000 ************

Training agent...


********** Iteration 214000 ************

Training agent...


********** Iteration 215000 ************

Training agent...


********** Iteration 216000 ************

Training agent...


********** Iteration 217000 ************

Training agent...


********** Iteration 218000 ************

Training agent...


********** Iteration 219000 ************

Training agent...


********** Iteration 220000 ************

Training agent...

Beginning logging procedure...
Timestep 220001
mean reward (100 episodes) 100.925462
best mean reward 100.925462
running time 796.357176
Train_EnvstepsSoFar : 220001
Train_AverageReturn : 100.92546226151515
Train_BestReturn : 100.92546226151515
TimeSinceStart : 796.357176065445
Training Loss : 0.4752448499202728
Done logging...




********** Iteration 221000 ************

Training agent...


********** Iteration 222000 ************

Training agent...


********** Iteration 223000 ************

Training agent...


********** Iteration 224000 ************

Training agent...


********** Iteration 225000 ************

Training agent...


********** Iteration 226000 ************

Training agent...


********** Iteration 227000 ************

Training agent...


********** Iteration 228000 ************

Training agent...


********** Iteration 229000 ************

Training agent...


********** Iteration 230000 ************

Training agent...

Beginning logging procedure...
Timestep 230001
mean reward (100 episodes) 98.630730
best mean reward 100.925462
running time 831.155892
Train_EnvstepsSoFar : 230001
Train_AverageReturn : 98.63072965023834
Train_BestReturn : 100.92546226151515
TimeSinceStart : 831.1558921337128
Training Loss : 0.17093497514724731
Done logging...




********** Iteration 231000 ************

Training agent...


********** Iteration 232000 ************

Training agent...


********** Iteration 233000 ************

Training agent...


********** Iteration 234000 ************

Training agent...


********** Iteration 235000 ************

Training agent...


********** Iteration 236000 ************

Training agent...


********** Iteration 237000 ************

Training agent...


********** Iteration 238000 ************

Training agent...


********** Iteration 239000 ************

Training agent...


********** Iteration 240000 ************

Training agent...

Beginning logging procedure...
Timestep 240001
mean reward (100 episodes) 112.061500
best mean reward 112.061500
running time 865.234477
Train_EnvstepsSoFar : 240001
Train_AverageReturn : 112.06149989735034
Train_BestReturn : 112.06149989735034
TimeSinceStart : 865.2344768047333
Training Loss : 0.13062775135040283
Done logging...




********** Iteration 241000 ************

Training agent...


********** Iteration 242000 ************

Training agent...


********** Iteration 243000 ************

Training agent...


********** Iteration 244000 ************

Training agent...


********** Iteration 245000 ************

Training agent...


********** Iteration 246000 ************

Training agent...


********** Iteration 247000 ************

Training agent...


********** Iteration 248000 ************

Training agent...


********** Iteration 249000 ************

Training agent...


********** Iteration 250000 ************

Training agent...

Beginning logging procedure...
Timestep 250001
mean reward (100 episodes) 106.414095
best mean reward 112.061500
running time 899.829452
Train_EnvstepsSoFar : 250001
Train_AverageReturn : 106.41409460646106
Train_BestReturn : 112.06149989735034
TimeSinceStart : 899.8294522762299
Training Loss : 2.307436227798462
Done logging...




********** Iteration 251000 ************

Training agent...


********** Iteration 252000 ************

Training agent...


********** Iteration 253000 ************

Training agent...


********** Iteration 254000 ************

Training agent...


********** Iteration 255000 ************

Training agent...


********** Iteration 256000 ************

Training agent...


********** Iteration 257000 ************

Training agent...


********** Iteration 258000 ************

Training agent...


********** Iteration 259000 ************

Training agent...


********** Iteration 260000 ************

Training agent...

Beginning logging procedure...
Timestep 260001
mean reward (100 episodes) 100.102190
best mean reward 112.061500
running time 937.374721
Train_EnvstepsSoFar : 260001
Train_AverageReturn : 100.1021895755627
Train_BestReturn : 112.06149989735034
TimeSinceStart : 937.3747205734253
Training Loss : 0.13359256088733673
Done logging...




********** Iteration 261000 ************

Training agent...


********** Iteration 262000 ************

Training agent...


********** Iteration 263000 ************

Training agent...


********** Iteration 264000 ************

Training agent...


********** Iteration 265000 ************

Training agent...


********** Iteration 266000 ************

Training agent...


********** Iteration 267000 ************

Training agent...


********** Iteration 268000 ************

Training agent...


********** Iteration 269000 ************

Training agent...


********** Iteration 270000 ************

Training agent...

Beginning logging procedure...
Timestep 270001
mean reward (100 episodes) 108.414091
best mean reward 112.061500
running time 968.831161
Train_EnvstepsSoFar : 270001
Train_AverageReturn : 108.41409114227052
Train_BestReturn : 112.06149989735034
TimeSinceStart : 968.8311607837677
Training Loss : 0.309929221868515
Done logging...




********** Iteration 271000 ************

Training agent...


********** Iteration 272000 ************

Training agent...


********** Iteration 273000 ************

Training agent...


********** Iteration 274000 ************

Training agent...


********** Iteration 275000 ************

Training agent...


********** Iteration 276000 ************

Training agent...


********** Iteration 277000 ************

Training agent...


********** Iteration 278000 ************

Training agent...


********** Iteration 279000 ************

Training agent...


********** Iteration 280000 ************

Training agent...

Beginning logging procedure...
Timestep 280001
mean reward (100 episodes) 99.777338
best mean reward 112.061500
running time 1001.856165
Train_EnvstepsSoFar : 280001
Train_AverageReturn : 99.77733788532525
Train_BestReturn : 112.06149989735034
TimeSinceStart : 1001.8561646938324
Training Loss : 4.628158092498779
Done logging...




********** Iteration 281000 ************

Training agent...


********** Iteration 282000 ************

Training agent...


********** Iteration 283000 ************

Training agent...


********** Iteration 284000 ************

Training agent...


********** Iteration 285000 ************

Training agent...


********** Iteration 286000 ************

Training agent...


********** Iteration 287000 ************

Training agent...


********** Iteration 288000 ************

Training agent...


********** Iteration 289000 ************

Training agent...


********** Iteration 290000 ************

Training agent...

Beginning logging procedure...
Timestep 290001
mean reward (100 episodes) 107.036428
best mean reward 112.061500
running time 1032.508507
Train_EnvstepsSoFar : 290001
Train_AverageReturn : 107.03642829885001
Train_BestReturn : 112.06149989735034
TimeSinceStart : 1032.508507490158
Training Loss : 0.28714999556541443
Done logging...




********** Iteration 291000 ************

Training agent...


********** Iteration 292000 ************

Training agent...


********** Iteration 293000 ************

Training agent...


********** Iteration 294000 ************

Training agent...


********** Iteration 295000 ************

Training agent...


********** Iteration 296000 ************

Training agent...


********** Iteration 297000 ************

Training agent...


********** Iteration 298000 ************

Training agent...


********** Iteration 299000 ************

Training agent...


********** Iteration 300000 ************

Training agent...

Beginning logging procedure...
Timestep 300001
mean reward (100 episodes) 113.719783
best mean reward 113.719783
running time 1063.839715
Train_EnvstepsSoFar : 300001
Train_AverageReturn : 113.71978253718653
Train_BestReturn : 113.71978253718653
TimeSinceStart : 1063.8397145271301
Training Loss : 0.43840882182121277
Done logging...


