/zfsauton2/home/shrinivr/.local/lib/python3.10/site-packages/gym/envs/registration.py:440: UserWarning: [33mWARN: The `registry.env_specs` property along with `EnvSpecTree` is deprecated. Please use `registry` directly as a dictionary instead.[0m
  logger.warn(
/zfsauton2/home/shrinivr/.local/lib/python3.10/site-packages/gym/core.py:329: DeprecationWarning: [33mWARN: Initializing wrapper in old step API which returns one bool instead of two. It is recommended to set `new_step_api=True` to use new step API. This will be the default behaviour in future.[0m
  deprecation(
/zfsauton2/home/shrinivr/.local/lib/python3.10/site-packages/gym/wrappers/step_api_compatibility.py:39: DeprecationWarning: [33mWARN: Initializing environment in old step API which returns one bool instead of two. It is recommended to set `new_step_api=True` to use new step API. This will be the default behaviour in future.[0m
  deprecation(
/zfsauton2/home/shrinivr/.local/lib/python3.10/site-packages/gym/core.py:268: DeprecationWarning: [33mWARN: Function `env.seed(seed)` is marked as deprecated and will be removed in the future. Please use `env.reset(seed=seed)` instead.[0m
  deprecation(
/zfsauton2/home/shrinivr/.local/lib/python3.10/site-packages/gym/utils/passive_env_checker.py:174: UserWarning: [33mWARN: Future gym versions will require that `Env.reset` can be passed a `seed` instead of using `Env.seed` for resetting the environment random number generator.[0m
  logger.warn(
/zfsauton2/home/shrinivr/.local/lib/python3.10/site-packages/gym/utils/passive_env_checker.py:190: UserWarning: [33mWARN: Future gym versions will require that `Env.reset` can be passed `return_info` to return information from the environment resetting.[0m
  logger.warn(
/zfsauton2/home/shrinivr/.local/lib/python3.10/site-packages/gym/utils/passive_env_checker.py:195: UserWarning: [33mWARN: Future gym versions will require that `Env.reset` can be passed `options` to allow the environment initialisation to be passed additional information.[0m
  logger.warn(
/zfsauton2/home/shrinivr/.local/lib/python3.10/site-packages/gym/utils/passive_env_checker.py:141: UserWarning: [33mWARN: The obs returned by the `reset()` method was expecting numpy array dtype to be float32, actual type: float64[0m
  logger.warn(
/zfsauton2/home/shrinivr/.local/lib/python3.10/site-packages/gym/utils/passive_env_checker.py:165: UserWarning: [33mWARN: The obs returned by the `reset()` method is not within the observation space.[0m
  logger.warn(f"{pre} is not within the observation space.")
/zfsauton2/home/shrinivr/.local/lib/python3.10/site-packages/gym/utils/passive_env_checker.py:227: DeprecationWarning: [33mWARN: Core environment is written in old step API which returns one bool instead of two. It is recommended to rewrite the environment with new step API. [0m
  logger.deprecation(
/zfsauton2/home/shrinivr/.local/lib/python3.10/site-packages/gym/utils/passive_env_checker.py:233: DeprecationWarning: `np.bool8` is a deprecated alias for `np.bool_`.  (Deprecated NumPy 1.24)
  if not isinstance(done, (bool, np.bool8)):
/zfsauton2/home/shrinivr/.local/lib/python3.10/site-packages/gym/utils/passive_env_checker.py:141: UserWarning: [33mWARN: The obs returned by the `step()` method was expecting numpy array dtype to be float32, actual type: float64[0m
  logger.warn(
/zfsauton2/home/shrinivr/.local/lib/python3.10/site-packages/gym/utils/passive_env_checker.py:165: UserWarning: [33mWARN: The obs returned by the `step()` method is not within the observation space.[0m
  logger.warn(f"{pre} is not within the observation space.")



LOGGING TO:  /zfsauton2/home/shrinivr/16831-S25-HW/hw3/rob831/scripts/../../data/q1_dqn_2_LunarLander-v3_13-03-2025_15-52-41 



########################
logging outputs to  /zfsauton2/home/shrinivr/16831-S25-HW/hw3/rob831/scripts/../../data/q1_dqn_2_LunarLander-v3_13-03-2025_15-52-41
########################
Using GPU id 0


********** Iteration 0 ************

Training agent...

Beginning logging procedure...
Timestep 1
mean reward (100 episodes) nan
best mean reward -inf
running time 0.001870
/zfsauton2/home/shrinivr/.local/lib/python3.10/site-packages/tensorboardX/summary.py:153: DeprecationWarning: Conversion of an array with ndim > 0 to a scalar is deprecated, and will error in future. Ensure you extract a single element from your array before performing this operation. (Deprecated NumPy 1.25.)
  scalar = float(scalar)
Train_EnvstepsSoFar : 1
TimeSinceStart : 0.0018701553344726562
Done logging...




********** Iteration 1000 ************

Training agent...


********** Iteration 2000 ************

Training agent...


********** Iteration 3000 ************

Training agent...


********** Iteration 4000 ************

Training agent...


********** Iteration 5000 ************

Training agent...


********** Iteration 6000 ************

Training agent...


********** Iteration 7000 ************

Training agent...


********** Iteration 8000 ************

Training agent...


********** Iteration 9000 ************

Training agent...


********** Iteration 10000 ************

Training agent...

Beginning logging procedure...
Timestep 10001
mean reward (100 episodes) -241.522346
best mean reward -inf
running time 23.857365
Train_EnvstepsSoFar : 10001
Train_AverageReturn : -241.52234555862358
TimeSinceStart : 23.857365131378174
Training Loss : 0.744795560836792
Done logging...




********** Iteration 11000 ************

Training agent...


********** Iteration 12000 ************

Training agent...


********** Iteration 13000 ************

Training agent...


********** Iteration 14000 ************

Training agent...


********** Iteration 15000 ************

Training agent...


********** Iteration 16000 ************

Training agent...


********** Iteration 17000 ************

Training agent...


********** Iteration 18000 ************

Training agent...


********** Iteration 19000 ************

Training agent...


********** Iteration 20000 ************

Training agent...

Beginning logging procedure...
Timestep 20001
mean reward (100 episodes) -216.203292
best mean reward -inf
running time 58.914334
Train_EnvstepsSoFar : 20001
Train_AverageReturn : -216.20329192804334
TimeSinceStart : 58.9143340587616
Training Loss : 0.8732724189758301
Done logging...




********** Iteration 21000 ************

Training agent...


********** Iteration 22000 ************

Training agent...


********** Iteration 23000 ************

Training agent...


********** Iteration 24000 ************

Training agent...


********** Iteration 25000 ************

Training agent...


********** Iteration 26000 ************

Training agent...


********** Iteration 27000 ************

Training agent...


********** Iteration 28000 ************

Training agent...


********** Iteration 29000 ************

Training agent...


********** Iteration 30000 ************

Training agent...

Beginning logging procedure...
Timestep 30001
mean reward (100 episodes) -207.478057
best mean reward -inf
running time 96.319064
Train_EnvstepsSoFar : 30001
Train_AverageReturn : -207.47805672653533
TimeSinceStart : 96.31906366348267
Training Loss : 0.5563751459121704
Done logging...




********** Iteration 31000 ************

Training agent...


********** Iteration 32000 ************

Training agent...


********** Iteration 33000 ************

Training agent...


********** Iteration 34000 ************

Training agent...


********** Iteration 35000 ************

Training agent...


********** Iteration 36000 ************

Training agent...


********** Iteration 37000 ************

Training agent...


********** Iteration 38000 ************

Training agent...


********** Iteration 39000 ************

Training agent...


********** Iteration 40000 ************

Training agent...

Beginning logging procedure...
Timestep 40001
mean reward (100 episodes) -200.499043
best mean reward -inf
running time 134.297855
Train_EnvstepsSoFar : 40001
Train_AverageReturn : -200.49904319897348
TimeSinceStart : 134.29785537719727
Training Loss : 0.826190710067749
Done logging...




********** Iteration 41000 ************

Training agent...


********** Iteration 42000 ************

Training agent...


********** Iteration 43000 ************

Training agent...


********** Iteration 44000 ************

Training agent...


********** Iteration 45000 ************

Training agent...


********** Iteration 46000 ************

Training agent...


********** Iteration 47000 ************

Training agent...


********** Iteration 48000 ************

Training agent...


********** Iteration 49000 ************

Training agent...


********** Iteration 50000 ************

Training agent...

Beginning logging procedure...
Timestep 50001
mean reward (100 episodes) -181.601573
best mean reward -181.601573
running time 172.289807
Train_EnvstepsSoFar : 50001
Train_AverageReturn : -181.60157327611648
Train_BestReturn : -181.60157327611648
TimeSinceStart : 172.28980684280396
Training Loss : 0.5000712871551514
Done logging...




********** Iteration 51000 ************

Training agent...


********** Iteration 52000 ************

Training agent...


********** Iteration 53000 ************

Training agent...


********** Iteration 54000 ************

Training agent...


********** Iteration 55000 ************

Training agent...


********** Iteration 56000 ************

Training agent...


********** Iteration 57000 ************

Training agent...


********** Iteration 58000 ************

Training agent...


********** Iteration 59000 ************

Training agent...


********** Iteration 60000 ************

Training agent...

Beginning logging procedure...
Timestep 60001
mean reward (100 episodes) -154.250081
best mean reward -154.250081
running time 210.880001
Train_EnvstepsSoFar : 60001
Train_AverageReturn : -154.25008060737434
Train_BestReturn : -154.25008060737434
TimeSinceStart : 210.88000059127808
Training Loss : 0.2606769800186157
Done logging...




********** Iteration 61000 ************

Training agent...


********** Iteration 62000 ************

Training agent...


********** Iteration 63000 ************

Training agent...


********** Iteration 64000 ************

Training agent...


********** Iteration 65000 ************

Training agent...


********** Iteration 66000 ************

Training agent...


********** Iteration 67000 ************

Training agent...


********** Iteration 68000 ************

Training agent...


********** Iteration 69000 ************

Training agent...


********** Iteration 70000 ************

Training agent...

Beginning logging procedure...
Timestep 70001
mean reward (100 episodes) -141.713184
best mean reward -141.713184
running time 250.831184
Train_EnvstepsSoFar : 70001
Train_AverageReturn : -141.71318383040688
Train_BestReturn : -141.71318383040688
TimeSinceStart : 250.83118391036987
Training Loss : 0.25253844261169434
Done logging...




********** Iteration 71000 ************

Training agent...


********** Iteration 72000 ************

Training agent...


********** Iteration 73000 ************

Training agent...


********** Iteration 74000 ************

Training agent...


********** Iteration 75000 ************

Training agent...


********** Iteration 76000 ************

Training agent...


********** Iteration 77000 ************

Training agent...


********** Iteration 78000 ************

Training agent...


********** Iteration 79000 ************

Training agent...


********** Iteration 80000 ************

Training agent...

Beginning logging procedure...
Timestep 80001
mean reward (100 episodes) -135.557213
best mean reward -135.557213
running time 291.416841
Train_EnvstepsSoFar : 80001
Train_AverageReturn : -135.5572127757561
Train_BestReturn : -135.5572127757561
TimeSinceStart : 291.4168405532837
Training Loss : 0.5319575667381287
Done logging...




********** Iteration 81000 ************

Training agent...


********** Iteration 82000 ************

Training agent...


********** Iteration 83000 ************

Training agent...


********** Iteration 84000 ************

Training agent...


********** Iteration 85000 ************

Training agent...


********** Iteration 86000 ************

Training agent...


********** Iteration 87000 ************

Training agent...


********** Iteration 88000 ************

Training agent...


********** Iteration 89000 ************

Training agent...


********** Iteration 90000 ************

Training agent...

Beginning logging procedure...
Timestep 90001
mean reward (100 episodes) -126.475075
best mean reward -126.475075
running time 329.704827
Train_EnvstepsSoFar : 90001
Train_AverageReturn : -126.4750754488833
Train_BestReturn : -126.4750754488833
TimeSinceStart : 329.7048268318176
Training Loss : 0.07562650740146637
Done logging...




********** Iteration 91000 ************

Training agent...


********** Iteration 92000 ************

Training agent...


********** Iteration 93000 ************

Training agent...


********** Iteration 94000 ************

Training agent...


********** Iteration 95000 ************

Training agent...


********** Iteration 96000 ************

Training agent...


********** Iteration 97000 ************

Training agent...


********** Iteration 98000 ************

Training agent...


********** Iteration 99000 ************

Training agent...


********** Iteration 100000 ************

Training agent...

Beginning logging procedure...
Timestep 100001
mean reward (100 episodes) -110.271904
best mean reward -110.271904
running time 368.350348
Train_EnvstepsSoFar : 100001
Train_AverageReturn : -110.2719043149009
Train_BestReturn : -110.2719043149009
TimeSinceStart : 368.3503477573395
Training Loss : 0.13065658509731293
Done logging...




********** Iteration 101000 ************

Training agent...


********** Iteration 102000 ************

Training agent...


********** Iteration 103000 ************

Training agent...


********** Iteration 104000 ************

Training agent...


********** Iteration 105000 ************

Training agent...


********** Iteration 106000 ************

Training agent...


********** Iteration 107000 ************

Training agent...


********** Iteration 108000 ************

Training agent...


********** Iteration 109000 ************

Training agent...


********** Iteration 110000 ************

Training agent...

Beginning logging procedure...
Timestep 110001
mean reward (100 episodes) -94.454171
best mean reward -94.454171
running time 406.446464
Train_EnvstepsSoFar : 110001
Train_AverageReturn : -94.45417119731941
Train_BestReturn : -94.45417119731941
TimeSinceStart : 406.4464635848999
Training Loss : 0.2405870109796524
Done logging...




********** Iteration 111000 ************

Training agent...


********** Iteration 112000 ************

Training agent...


********** Iteration 113000 ************

Training agent...


********** Iteration 114000 ************

Training agent...


********** Iteration 115000 ************

Training agent...


********** Iteration 116000 ************

Training agent...


********** Iteration 117000 ************

Training agent...


********** Iteration 118000 ************

Training agent...


********** Iteration 119000 ************

Training agent...


********** Iteration 120000 ************

Training agent...

Beginning logging procedure...
Timestep 120001
mean reward (100 episodes) -82.747021
best mean reward -82.747021
running time 445.943352
Train_EnvstepsSoFar : 120001
Train_AverageReturn : -82.74702083936576
Train_BestReturn : -82.74702083936576
TimeSinceStart : 445.9433515071869
Training Loss : 0.13322193920612335
Done logging...




********** Iteration 121000 ************

Training agent...


********** Iteration 122000 ************

Training agent...


********** Iteration 123000 ************

Training agent...


********** Iteration 124000 ************

Training agent...


********** Iteration 125000 ************

Training agent...


********** Iteration 126000 ************

Training agent...


********** Iteration 127000 ************

Training agent...


********** Iteration 128000 ************

Training agent...


********** Iteration 129000 ************

Training agent...


********** Iteration 130000 ************

Training agent...

Beginning logging procedure...
Timestep 130001
mean reward (100 episodes) -77.674589
best mean reward -77.674589
running time 485.610052
Train_EnvstepsSoFar : 130001
Train_AverageReturn : -77.6745891076686
Train_BestReturn : -77.6745891076686
TimeSinceStart : 485.6100523471832
Training Loss : 0.11841533333063126
Done logging...




********** Iteration 131000 ************

Training agent...


********** Iteration 132000 ************

Training agent...


********** Iteration 133000 ************

Training agent...


********** Iteration 134000 ************

Training agent...


********** Iteration 135000 ************

Training agent...


********** Iteration 136000 ************

Training agent...


********** Iteration 137000 ************

Training agent...


********** Iteration 138000 ************

Training agent...


********** Iteration 139000 ************

Training agent...


********** Iteration 140000 ************

Training agent...

Beginning logging procedure...
Timestep 140001
mean reward (100 episodes) -69.287911
best mean reward -69.287911
running time 521.956801
Train_EnvstepsSoFar : 140001
Train_AverageReturn : -69.28791077854105
Train_BestReturn : -69.28791077854105
TimeSinceStart : 521.9568014144897
Training Loss : 0.4879087507724762
Done logging...




********** Iteration 141000 ************

Training agent...


********** Iteration 142000 ************

Training agent...


********** Iteration 143000 ************

Training agent...


********** Iteration 144000 ************

Training agent...


********** Iteration 145000 ************

Training agent...


********** Iteration 146000 ************

Training agent...


********** Iteration 147000 ************

Training agent...


********** Iteration 148000 ************

Training agent...


********** Iteration 149000 ************

Training agent...


********** Iteration 150000 ************

Training agent...

Beginning logging procedure...
Timestep 150001
mean reward (100 episodes) -49.188603
best mean reward -49.188603
running time 560.085195
Train_EnvstepsSoFar : 150001
Train_AverageReturn : -49.188602805493176
Train_BestReturn : -49.188602805493176
TimeSinceStart : 560.0851948261261
Training Loss : 0.0463738888502121
Done logging...




********** Iteration 151000 ************

Training agent...


********** Iteration 152000 ************

Training agent...


********** Iteration 153000 ************

Training agent...


********** Iteration 154000 ************

Training agent...


********** Iteration 155000 ************

Training agent...


********** Iteration 156000 ************

Training agent...


********** Iteration 157000 ************

Training agent...


********** Iteration 158000 ************

Training agent...


********** Iteration 159000 ************

Training agent...


********** Iteration 160000 ************

Training agent...

Beginning logging procedure...
Timestep 160001
mean reward (100 episodes) -32.755670
best mean reward -32.755670
running time 599.513968
Train_EnvstepsSoFar : 160001
Train_AverageReturn : -32.75566967708142
Train_BestReturn : -32.75566967708142
TimeSinceStart : 599.5139682292938
Training Loss : 0.06398750841617584
Done logging...




********** Iteration 161000 ************

Training agent...


********** Iteration 162000 ************

Training agent...


********** Iteration 163000 ************

Training agent...


********** Iteration 164000 ************

Training agent...


********** Iteration 165000 ************

Training agent...


********** Iteration 166000 ************

Training agent...


********** Iteration 167000 ************

Training agent...


********** Iteration 168000 ************

Training agent...


********** Iteration 169000 ************

Training agent...


********** Iteration 170000 ************

Training agent...

Beginning logging procedure...
Timestep 170001
mean reward (100 episodes) 3.905686
best mean reward 3.905686
running time 632.834887
Train_EnvstepsSoFar : 170001
Train_AverageReturn : 3.905685801756904
Train_BestReturn : 3.905685801756904
TimeSinceStart : 632.8348870277405
Training Loss : 0.3677579462528229
Done logging...




********** Iteration 171000 ************

Training agent...


********** Iteration 172000 ************

Training agent...


********** Iteration 173000 ************

Training agent...


********** Iteration 174000 ************

Training agent...


********** Iteration 175000 ************

Training agent...


********** Iteration 176000 ************

Training agent...


********** Iteration 177000 ************

Training agent...


********** Iteration 178000 ************

Training agent...


********** Iteration 179000 ************

Training agent...


********** Iteration 180000 ************

Training agent...

Beginning logging procedure...
Timestep 180001
mean reward (100 episodes) 16.180980
best mean reward 16.180980
running time 669.921666
Train_EnvstepsSoFar : 180001
Train_AverageReturn : 16.180980287244587
Train_BestReturn : 16.180980287244587
TimeSinceStart : 669.9216661453247
Training Loss : 0.6724948883056641
Done logging...




********** Iteration 181000 ************

Training agent...


********** Iteration 182000 ************

Training agent...


********** Iteration 183000 ************

Training agent...


********** Iteration 184000 ************

Training agent...


********** Iteration 185000 ************

Training agent...


********** Iteration 186000 ************

Training agent...


********** Iteration 187000 ************

Training agent...


********** Iteration 188000 ************

Training agent...


********** Iteration 189000 ************

Training agent...


********** Iteration 190000 ************

Training agent...

Beginning logging procedure...
Timestep 190001
mean reward (100 episodes) 47.519711
best mean reward 47.519711
running time 700.949554
Train_EnvstepsSoFar : 190001
Train_AverageReturn : 47.519711013467074
Train_BestReturn : 47.519711013467074
TimeSinceStart : 700.9495544433594
Training Loss : 0.597509503364563
Done logging...




********** Iteration 191000 ************

Training agent...


********** Iteration 192000 ************

Training agent...


********** Iteration 193000 ************

Training agent...


********** Iteration 194000 ************

Training agent...


********** Iteration 195000 ************

Training agent...


********** Iteration 196000 ************

Training agent...


********** Iteration 197000 ************

Training agent...


********** Iteration 198000 ************

Training agent...


********** Iteration 199000 ************

Training agent...


********** Iteration 200000 ************

Training agent...

Beginning logging procedure...
Timestep 200001
mean reward (100 episodes) 61.001138
best mean reward 61.001138
running time 735.745322
Train_EnvstepsSoFar : 200001
Train_AverageReturn : 61.001137795040634
Train_BestReturn : 61.001137795040634
TimeSinceStart : 735.745322227478
Training Loss : 0.3810548782348633
Done logging...




********** Iteration 201000 ************

Training agent...


********** Iteration 202000 ************

Training agent...


********** Iteration 203000 ************

Training agent...


********** Iteration 204000 ************

Training agent...


********** Iteration 205000 ************

Training agent...


********** Iteration 206000 ************

Training agent...


********** Iteration 207000 ************

Training agent...


********** Iteration 208000 ************

Training agent...


********** Iteration 209000 ************

Training agent...


********** Iteration 210000 ************

Training agent...

Beginning logging procedure...
Timestep 210001
mean reward (100 episodes) 64.743381
best mean reward 64.743381
running time 768.838009
Train_EnvstepsSoFar : 210001
Train_AverageReturn : 64.74338053006541
Train_BestReturn : 64.74338053006541
TimeSinceStart : 768.8380091190338
Training Loss : 2.485044002532959
Done logging...




********** Iteration 211000 ************

Training agent...


********** Iteration 212000 ************

Training agent...


********** Iteration 213000 ************

Training agent...


********** Iteration 214000 ************

Training agent...


********** Iteration 215000 ************

Training agent...


********** Iteration 216000 ************

Training agent...


********** Iteration 217000 ************

Training agent...


********** Iteration 218000 ************

Training agent...


********** Iteration 219000 ************

Training agent...


********** Iteration 220000 ************

Training agent...

Beginning logging procedure...
Timestep 220001
mean reward (100 episodes) 66.943145
best mean reward 66.943145
running time 803.736805
Train_EnvstepsSoFar : 220001
Train_AverageReturn : 66.9431454908957
Train_BestReturn : 66.9431454908957
TimeSinceStart : 803.7368047237396
Training Loss : 0.08529464900493622
Done logging...




********** Iteration 221000 ************

Training agent...


********** Iteration 222000 ************

Training agent...


********** Iteration 223000 ************

Training agent...


********** Iteration 224000 ************

Training agent...


********** Iteration 225000 ************

Training agent...


********** Iteration 226000 ************

Training agent...


********** Iteration 227000 ************

Training agent...


********** Iteration 228000 ************

Training agent...


********** Iteration 229000 ************

Training agent...


********** Iteration 230000 ************

Training agent...

Beginning logging procedure...
Timestep 230001
mean reward (100 episodes) 76.194732
best mean reward 76.194732
running time 838.628853
Train_EnvstepsSoFar : 230001
Train_AverageReturn : 76.19473198941878
Train_BestReturn : 76.19473198941878
TimeSinceStart : 838.6288530826569
Training Loss : 0.08174695074558258
Done logging...




********** Iteration 231000 ************

Training agent...


********** Iteration 232000 ************

Training agent...


********** Iteration 233000 ************

Training agent...


********** Iteration 234000 ************

Training agent...


********** Iteration 235000 ************

Training agent...


********** Iteration 236000 ************

Training agent...


********** Iteration 237000 ************

Training agent...


********** Iteration 238000 ************

Training agent...


********** Iteration 239000 ************

Training agent...


********** Iteration 240000 ************

Training agent...

Beginning logging procedure...
Timestep 240001
mean reward (100 episodes) 74.538195
best mean reward 76.194732
running time 872.061964
Train_EnvstepsSoFar : 240001
Train_AverageReturn : 74.5381949341583
Train_BestReturn : 76.19473198941878
TimeSinceStart : 872.0619637966156
Training Loss : 0.19990801811218262
Done logging...




********** Iteration 241000 ************

Training agent...


********** Iteration 242000 ************

Training agent...


********** Iteration 243000 ************

Training agent...


********** Iteration 244000 ************

Training agent...


********** Iteration 245000 ************

Training agent...


********** Iteration 246000 ************

Training agent...


********** Iteration 247000 ************

Training agent...


********** Iteration 248000 ************

Training agent...


********** Iteration 249000 ************

Training agent...


********** Iteration 250000 ************

Training agent...

Beginning logging procedure...
Timestep 250001
mean reward (100 episodes) 66.124992
best mean reward 76.194732
running time 907.848533
Train_EnvstepsSoFar : 250001
Train_AverageReturn : 66.12499161332832
Train_BestReturn : 76.19473198941878
TimeSinceStart : 907.8485333919525
Training Loss : 0.17653746902942657
Done logging...




********** Iteration 251000 ************

Training agent...


********** Iteration 252000 ************

Training agent...


********** Iteration 253000 ************

Training agent...


********** Iteration 254000 ************

Training agent...


********** Iteration 255000 ************

Training agent...


********** Iteration 256000 ************

Training agent...


********** Iteration 257000 ************

Training agent...


********** Iteration 258000 ************

Training agent...


********** Iteration 259000 ************

Training agent...


********** Iteration 260000 ************

Training agent...

Beginning logging procedure...
Timestep 260001
mean reward (100 episodes) 38.412407
best mean reward 76.194732
running time 940.635469
Train_EnvstepsSoFar : 260001
Train_AverageReturn : 38.41240723675644
Train_BestReturn : 76.19473198941878
TimeSinceStart : 940.6354694366455
Training Loss : 0.1690913587808609
Done logging...




********** Iteration 261000 ************

Training agent...


********** Iteration 262000 ************

Training agent...


********** Iteration 263000 ************

Training agent...


********** Iteration 264000 ************

Training agent...


********** Iteration 265000 ************

Training agent...


********** Iteration 266000 ************

Training agent...


********** Iteration 267000 ************

Training agent...


********** Iteration 268000 ************

Training agent...


********** Iteration 269000 ************

Training agent...


********** Iteration 270000 ************

Training agent...

Beginning logging procedure...
Timestep 270001
mean reward (100 episodes) 20.478133
best mean reward 76.194732
running time 972.234908
Train_EnvstepsSoFar : 270001
Train_AverageReturn : 20.478132944847335
Train_BestReturn : 76.19473198941878
TimeSinceStart : 972.2349083423615
Training Loss : 0.5367006063461304
Done logging...




********** Iteration 271000 ************

Training agent...


********** Iteration 272000 ************

Training agent...


********** Iteration 273000 ************

Training agent...


********** Iteration 274000 ************

Training agent...


********** Iteration 275000 ************

Training agent...


********** Iteration 276000 ************

Training agent...


********** Iteration 277000 ************

Training agent...


********** Iteration 278000 ************

Training agent...


********** Iteration 279000 ************

Training agent...


********** Iteration 280000 ************

Training agent...

Beginning logging procedure...
Timestep 280001
mean reward (100 episodes) 32.257151
best mean reward 76.194732
running time 1001.124416
Train_EnvstepsSoFar : 280001
Train_AverageReturn : 32.25715144847708
Train_BestReturn : 76.19473198941878
TimeSinceStart : 1001.1244158744812
Training Loss : 0.27875906229019165
Done logging...




********** Iteration 281000 ************

Training agent...


********** Iteration 282000 ************

Training agent...


********** Iteration 283000 ************

Training agent...


********** Iteration 284000 ************

Training agent...


********** Iteration 285000 ************

Training agent...


********** Iteration 286000 ************

Training agent...


********** Iteration 287000 ************

Training agent...


********** Iteration 288000 ************

Training agent...


********** Iteration 289000 ************

Training agent...


********** Iteration 290000 ************

Training agent...

Beginning logging procedure...
Timestep 290001
mean reward (100 episodes) 72.949899
best mean reward 76.194732
running time 1031.011654
Train_EnvstepsSoFar : 290001
Train_AverageReturn : 72.94989887198248
Train_BestReturn : 76.19473198941878
TimeSinceStart : 1031.0116539001465
Training Loss : 0.15777437388896942
Done logging...




********** Iteration 291000 ************

Training agent...


********** Iteration 292000 ************

Training agent...


********** Iteration 293000 ************

Training agent...


********** Iteration 294000 ************

Training agent...


********** Iteration 295000 ************

Training agent...


********** Iteration 296000 ************

Training agent...


********** Iteration 297000 ************

Training agent...


********** Iteration 298000 ************

Training agent...


********** Iteration 299000 ************

Training agent...


********** Iteration 300000 ************

Training agent...

Beginning logging procedure...
Timestep 300001
mean reward (100 episodes) 88.090367
best mean reward 88.090367
running time 1061.200834
Train_EnvstepsSoFar : 300001
Train_AverageReturn : 88.09036665762571
Train_BestReturn : 88.09036665762571
TimeSinceStart : 1061.2008335590363
Training Loss : 0.3142000734806061
Done logging...


