/zfsauton2/home/shrinivr/.local/lib/python3.10/site-packages/gym/envs/registration.py:440: UserWarning: [33mWARN: The `registry.env_specs` property along with `EnvSpecTree` is deprecated. Please use `registry` directly as a dictionary instead.[0m
  logger.warn(
/zfsauton2/home/shrinivr/.local/lib/python3.10/site-packages/gym/core.py:329: DeprecationWarning: [33mWARN: Initializing wrapper in old step API which returns one bool instead of two. It is recommended to set `new_step_api=True` to use new step API. This will be the default behaviour in future.[0m
  deprecation(
/zfsauton2/home/shrinivr/.local/lib/python3.10/site-packages/gym/wrappers/step_api_compatibility.py:39: DeprecationWarning: [33mWARN: Initializing environment in old step API which returns one bool instead of two. It is recommended to set `new_step_api=True` to use new step API. This will be the default behaviour in future.[0m
  deprecation(
/zfsauton2/home/shrinivr/.local/lib/python3.10/site-packages/gym/core.py:268: DeprecationWarning: [33mWARN: Function `env.seed(seed)` is marked as deprecated and will be removed in the future. Please use `env.reset(seed=seed)` instead.[0m
  deprecation(
/zfsauton2/home/shrinivr/.local/lib/python3.10/site-packages/gym/utils/passive_env_checker.py:174: UserWarning: [33mWARN: Future gym versions will require that `Env.reset` can be passed a `seed` instead of using `Env.seed` for resetting the environment random number generator.[0m
  logger.warn(
/zfsauton2/home/shrinivr/.local/lib/python3.10/site-packages/gym/utils/passive_env_checker.py:190: UserWarning: [33mWARN: Future gym versions will require that `Env.reset` can be passed `return_info` to return information from the environment resetting.[0m
  logger.warn(
/zfsauton2/home/shrinivr/.local/lib/python3.10/site-packages/gym/utils/passive_env_checker.py:195: UserWarning: [33mWARN: Future gym versions will require that `Env.reset` can be passed `options` to allow the environment initialisation to be passed additional information.[0m
  logger.warn(
/zfsauton2/home/shrinivr/.local/lib/python3.10/site-packages/gym/utils/passive_env_checker.py:141: UserWarning: [33mWARN: The obs returned by the `reset()` method was expecting numpy array dtype to be float32, actual type: float64[0m
  logger.warn(
/zfsauton2/home/shrinivr/.local/lib/python3.10/site-packages/gym/utils/passive_env_checker.py:165: UserWarning: [33mWARN: The obs returned by the `reset()` method is not within the observation space.[0m
  logger.warn(f"{pre} is not within the observation space.")
/zfsauton2/home/shrinivr/.local/lib/python3.10/site-packages/gym/utils/passive_env_checker.py:227: DeprecationWarning: [33mWARN: Core environment is written in old step API which returns one bool instead of two. It is recommended to rewrite the environment with new step API. [0m
  logger.deprecation(
/zfsauton2/home/shrinivr/.local/lib/python3.10/site-packages/gym/utils/passive_env_checker.py:233: DeprecationWarning: `np.bool8` is a deprecated alias for `np.bool_`.  (Deprecated NumPy 1.24)
  if not isinstance(done, (bool, np.bool8)):
/zfsauton2/home/shrinivr/.local/lib/python3.10/site-packages/gym/utils/passive_env_checker.py:141: UserWarning: [33mWARN: The obs returned by the `step()` method was expecting numpy array dtype to be float32, actual type: float64[0m
  logger.warn(
/zfsauton2/home/shrinivr/.local/lib/python3.10/site-packages/gym/utils/passive_env_checker.py:165: UserWarning: [33mWARN: The obs returned by the `step()` method is not within the observation space.[0m
  logger.warn(f"{pre} is not within the observation space.")



LOGGING TO:  /zfsauton2/home/shrinivr/16831-S25-HW/hw3/rob831/scripts/../../data/q1_doubledqn_3_LunarLander-v3_13-03-2025_16-10-31 



########################
logging outputs to  /zfsauton2/home/shrinivr/16831-S25-HW/hw3/rob831/scripts/../../data/q1_doubledqn_3_LunarLander-v3_13-03-2025_16-10-31
########################
Using GPU id 0


********** Iteration 0 ************

Training agent...

Beginning logging procedure...
Timestep 1
mean reward (100 episodes) nan
best mean reward -inf
running time 0.002300
/zfsauton2/home/shrinivr/.local/lib/python3.10/site-packages/tensorboardX/summary.py:153: DeprecationWarning: Conversion of an array with ndim > 0 to a scalar is deprecated, and will error in future. Ensure you extract a single element from your array before performing this operation. (Deprecated NumPy 1.25.)
  scalar = float(scalar)
Train_EnvstepsSoFar : 1
TimeSinceStart : 0.002300262451171875
Done logging...




********** Iteration 1000 ************

Training agent...


********** Iteration 2000 ************

Training agent...


********** Iteration 3000 ************

Training agent...


********** Iteration 4000 ************

Training agent...


********** Iteration 5000 ************

Training agent...


********** Iteration 6000 ************

Training agent...


********** Iteration 7000 ************

Training agent...


********** Iteration 8000 ************

Training agent...


********** Iteration 9000 ************

Training agent...


********** Iteration 10000 ************

Training agent...

Beginning logging procedure...
Timestep 10001
mean reward (100 episodes) -235.160669
best mean reward -inf
running time 24.255653
Train_EnvstepsSoFar : 10001
Train_AverageReturn : -235.16066949109467
TimeSinceStart : 24.255652904510498
Training Loss : 0.5118407607078552
Done logging...




********** Iteration 11000 ************

Training agent...


********** Iteration 12000 ************

Training agent...


********** Iteration 13000 ************

Training agent...


********** Iteration 14000 ************

Training agent...


********** Iteration 15000 ************

Training agent...


********** Iteration 16000 ************

Training agent...


********** Iteration 17000 ************

Training agent...


********** Iteration 18000 ************

Training agent...


********** Iteration 19000 ************

Training agent...


********** Iteration 20000 ************

Training agent...

Beginning logging procedure...
Timestep 20001
mean reward (100 episodes) -205.246210
best mean reward -inf
running time 60.648770
Train_EnvstepsSoFar : 20001
Train_AverageReturn : -205.24620958013375
TimeSinceStart : 60.648770332336426
Training Loss : 0.35669419169425964
Done logging...




********** Iteration 21000 ************

Training agent...


********** Iteration 22000 ************

Training agent...


********** Iteration 23000 ************

Training agent...


********** Iteration 24000 ************

Training agent...


********** Iteration 25000 ************

Training agent...


********** Iteration 26000 ************

Training agent...


********** Iteration 27000 ************

Training agent...


********** Iteration 28000 ************

Training agent...


********** Iteration 29000 ************

Training agent...


********** Iteration 30000 ************

Training agent...

Beginning logging procedure...
Timestep 30001
mean reward (100 episodes) -195.337384
best mean reward -inf
running time 100.425664
Train_EnvstepsSoFar : 30001
Train_AverageReturn : -195.33738361168614
TimeSinceStart : 100.42566394805908
Training Loss : 0.8253936767578125
Done logging...




********** Iteration 31000 ************

Training agent...


********** Iteration 32000 ************

Training agent...


********** Iteration 33000 ************

Training agent...


********** Iteration 34000 ************

Training agent...


********** Iteration 35000 ************

Training agent...


********** Iteration 36000 ************

Training agent...


********** Iteration 37000 ************

Training agent...


********** Iteration 38000 ************

Training agent...


********** Iteration 39000 ************

Training agent...


********** Iteration 40000 ************

Training agent...

Beginning logging procedure...
Timestep 40001
mean reward (100 episodes) -185.255771
best mean reward -inf
running time 139.314463
Train_EnvstepsSoFar : 40001
Train_AverageReturn : -185.25577127029138
TimeSinceStart : 139.31446266174316
Training Loss : 1.2946511507034302
Done logging...




********** Iteration 41000 ************

Training agent...


********** Iteration 42000 ************

Training agent...


********** Iteration 43000 ************

Training agent...


********** Iteration 44000 ************

Training agent...


********** Iteration 45000 ************

Training agent...


********** Iteration 46000 ************

Training agent...


********** Iteration 47000 ************

Training agent...


********** Iteration 48000 ************

Training agent...


********** Iteration 49000 ************

Training agent...


********** Iteration 50000 ************

Training agent...

Beginning logging procedure...
Timestep 50001
mean reward (100 episodes) -163.065771
best mean reward -163.065771
running time 176.481544
Train_EnvstepsSoFar : 50001
Train_AverageReturn : -163.06577070347876
Train_BestReturn : -163.06577070347876
TimeSinceStart : 176.48154377937317
Training Loss : 0.3462175130844116
Done logging...




********** Iteration 51000 ************

Training agent...


********** Iteration 52000 ************

Training agent...


********** Iteration 53000 ************

Training agent...


********** Iteration 54000 ************

Training agent...


********** Iteration 55000 ************

Training agent...


********** Iteration 56000 ************

Training agent...


********** Iteration 57000 ************

Training agent...


********** Iteration 58000 ************

Training agent...


********** Iteration 59000 ************

Training agent...


********** Iteration 60000 ************

Training agent...

Beginning logging procedure...
Timestep 60001
mean reward (100 episodes) -117.285874
best mean reward -117.285874
running time 213.642846
Train_EnvstepsSoFar : 60001
Train_AverageReturn : -117.28587446912192
Train_BestReturn : -117.28587446912192
TimeSinceStart : 213.64284563064575
Training Loss : 1.4266541004180908
Done logging...




********** Iteration 61000 ************

Training agent...


********** Iteration 62000 ************

Training agent...


********** Iteration 63000 ************

Training agent...


********** Iteration 64000 ************

Training agent...


********** Iteration 65000 ************

Training agent...


********** Iteration 66000 ************

Training agent...


********** Iteration 67000 ************

Training agent...


********** Iteration 68000 ************

Training agent...


********** Iteration 69000 ************

Training agent...


********** Iteration 70000 ************

Training agent...

Beginning logging procedure...
Timestep 70001
mean reward (100 episodes) -94.214219
best mean reward -94.214219
running time 249.184862
Train_EnvstepsSoFar : 70001
Train_AverageReturn : -94.21421939254864
Train_BestReturn : -94.21421939254864
TimeSinceStart : 249.18486166000366
Training Loss : 0.3527883291244507
Done logging...




********** Iteration 71000 ************

Training agent...


********** Iteration 72000 ************

Training agent...


********** Iteration 73000 ************

Training agent...


********** Iteration 74000 ************

Training agent...


********** Iteration 75000 ************

Training agent...


********** Iteration 76000 ************

Training agent...


********** Iteration 77000 ************

Training agent...


********** Iteration 78000 ************

Training agent...


********** Iteration 79000 ************

Training agent...


********** Iteration 80000 ************

Training agent...

Beginning logging procedure...
Timestep 80001
mean reward (100 episodes) -78.952021
best mean reward -78.952021
running time 284.089425
Train_EnvstepsSoFar : 80001
Train_AverageReturn : -78.9520210874723
Train_BestReturn : -78.9520210874723
TimeSinceStart : 284.0894250869751
Training Loss : 0.3648928999900818
Done logging...




********** Iteration 81000 ************

Training agent...


********** Iteration 82000 ************

Training agent...


********** Iteration 83000 ************

Training agent...


********** Iteration 84000 ************

Training agent...


********** Iteration 85000 ************

Training agent...


********** Iteration 86000 ************

Training agent...


********** Iteration 87000 ************

Training agent...


********** Iteration 88000 ************

Training agent...


********** Iteration 89000 ************

Training agent...


********** Iteration 90000 ************

Training agent...

Beginning logging procedure...
Timestep 90001
mean reward (100 episodes) -58.109237
best mean reward -58.109237
running time 319.337335
Train_EnvstepsSoFar : 90001
Train_AverageReturn : -58.10923661798429
Train_BestReturn : -58.10923661798429
TimeSinceStart : 319.33733463287354
Training Loss : 0.2083992063999176
Done logging...




********** Iteration 91000 ************

Training agent...


********** Iteration 92000 ************

Training agent...


********** Iteration 93000 ************

Training agent...


********** Iteration 94000 ************

Training agent...


********** Iteration 95000 ************

Training agent...


********** Iteration 96000 ************

Training agent...


********** Iteration 97000 ************

Training agent...


********** Iteration 98000 ************

Training agent...


********** Iteration 99000 ************

Training agent...


********** Iteration 100000 ************

Training agent...

Beginning logging procedure...
Timestep 100001
mean reward (100 episodes) -42.040070
best mean reward -42.040070
running time 354.311050
Train_EnvstepsSoFar : 100001
Train_AverageReturn : -42.040069618725546
Train_BestReturn : -42.040069618725546
TimeSinceStart : 354.3110501766205
Training Loss : 0.4807932376861572
Done logging...




********** Iteration 101000 ************

Training agent...


********** Iteration 102000 ************

Training agent...


********** Iteration 103000 ************

Training agent...


********** Iteration 104000 ************

Training agent...


********** Iteration 105000 ************

Training agent...


********** Iteration 106000 ************

Training agent...


********** Iteration 107000 ************

Training agent...


********** Iteration 108000 ************

Training agent...


********** Iteration 109000 ************

Training agent...


********** Iteration 110000 ************

Training agent...

Beginning logging procedure...
Timestep 110001
mean reward (100 episodes) -13.011978
best mean reward -13.011978
running time 387.510579
Train_EnvstepsSoFar : 110001
Train_AverageReturn : -13.011978043430263
Train_BestReturn : -13.011978043430263
TimeSinceStart : 387.51057863235474
Training Loss : 1.3818618059158325
Done logging...




********** Iteration 111000 ************

Training agent...


********** Iteration 112000 ************

Training agent...


********** Iteration 113000 ************

Training agent...


********** Iteration 114000 ************

Training agent...


********** Iteration 115000 ************

Training agent...


********** Iteration 116000 ************

Training agent...


********** Iteration 117000 ************

Training agent...


********** Iteration 118000 ************

Training agent...


********** Iteration 119000 ************

Training agent...


********** Iteration 120000 ************

Training agent...

Beginning logging procedure...
Timestep 120001
mean reward (100 episodes) -3.975841
best mean reward -3.975841
running time 423.250571
Train_EnvstepsSoFar : 120001
Train_AverageReturn : -3.975841007338098
Train_BestReturn : -3.975841007338098
TimeSinceStart : 423.2505714893341
Training Loss : 1.6922942399978638
Done logging...




********** Iteration 121000 ************

Training agent...


********** Iteration 122000 ************

Training agent...


********** Iteration 123000 ************

Training agent...


********** Iteration 124000 ************

Training agent...


********** Iteration 125000 ************

Training agent...


********** Iteration 126000 ************

Training agent...


********** Iteration 127000 ************

Training agent...


********** Iteration 128000 ************

Training agent...


********** Iteration 129000 ************

Training agent...


********** Iteration 130000 ************

Training agent...

Beginning logging procedure...
Timestep 130001
mean reward (100 episodes) 0.955234
best mean reward 0.955234
running time 459.031176
Train_EnvstepsSoFar : 130001
Train_AverageReturn : 0.9552344580961031
Train_BestReturn : 0.9552344580961031
TimeSinceStart : 459.03117632865906
Training Loss : 1.2751344442367554
Done logging...




********** Iteration 131000 ************

Training agent...


********** Iteration 132000 ************

Training agent...


********** Iteration 133000 ************

Training agent...


********** Iteration 134000 ************

Training agent...


********** Iteration 135000 ************

Training agent...


********** Iteration 136000 ************

Training agent...


********** Iteration 137000 ************

Training agent...


********** Iteration 138000 ************

Training agent...


********** Iteration 139000 ************

Training agent...


********** Iteration 140000 ************

Training agent...

Beginning logging procedure...
Timestep 140001
mean reward (100 episodes) 19.357044
best mean reward 19.357044
running time 494.166774
Train_EnvstepsSoFar : 140001
Train_AverageReturn : 19.357043899931885
Train_BestReturn : 19.357043899931885
TimeSinceStart : 494.16677355766296
Training Loss : 0.25485897064208984
Done logging...




********** Iteration 141000 ************

Training agent...


********** Iteration 142000 ************

Training agent...


********** Iteration 143000 ************

Training agent...


********** Iteration 144000 ************

Training agent...


********** Iteration 145000 ************

Training agent...


********** Iteration 146000 ************

Training agent...


********** Iteration 147000 ************

Training agent...


********** Iteration 148000 ************

Training agent...


********** Iteration 149000 ************

Training agent...


********** Iteration 150000 ************

Training agent...

Beginning logging procedure...
Timestep 150001
mean reward (100 episodes) 40.698566
best mean reward 40.698566
running time 528.707696
Train_EnvstepsSoFar : 150001
Train_AverageReturn : 40.69856622106155
Train_BestReturn : 40.69856622106155
TimeSinceStart : 528.7076964378357
Training Loss : 0.3435114622116089
Done logging...




********** Iteration 151000 ************

Training agent...


********** Iteration 152000 ************

Training agent...


********** Iteration 153000 ************

Training agent...


********** Iteration 154000 ************

Training agent...


********** Iteration 155000 ************

Training agent...


********** Iteration 156000 ************

Training agent...


********** Iteration 157000 ************

Training agent...


********** Iteration 158000 ************

Training agent...


********** Iteration 159000 ************

Training agent...


********** Iteration 160000 ************

Training agent...

Beginning logging procedure...
Timestep 160001
mean reward (100 episodes) 53.606773
best mean reward 53.606773
running time 564.746515
Train_EnvstepsSoFar : 160001
Train_AverageReturn : 53.60677326657717
Train_BestReturn : 53.60677326657717
TimeSinceStart : 564.7465150356293
Training Loss : 0.6018250584602356
Done logging...




********** Iteration 161000 ************

Training agent...


********** Iteration 162000 ************

Training agent...


********** Iteration 163000 ************

Training agent...


********** Iteration 164000 ************

Training agent...


********** Iteration 165000 ************

Training agent...


********** Iteration 166000 ************

Training agent...


********** Iteration 167000 ************

Training agent...


********** Iteration 168000 ************

Training agent...


********** Iteration 169000 ************

Training agent...


********** Iteration 170000 ************

Training agent...

Beginning logging procedure...
Timestep 170001
mean reward (100 episodes) 44.596757
best mean reward 53.606773
running time 601.696553
Train_EnvstepsSoFar : 170001
Train_AverageReturn : 44.59675727689022
Train_BestReturn : 53.60677326657717
TimeSinceStart : 601.6965525150299
Training Loss : 0.24917930364608765
Done logging...




********** Iteration 171000 ************

Training agent...


********** Iteration 172000 ************

Training agent...


********** Iteration 173000 ************

Training agent...


********** Iteration 174000 ************

Training agent...


********** Iteration 175000 ************

Training agent...


********** Iteration 176000 ************

Training agent...


********** Iteration 177000 ************

Training agent...


********** Iteration 178000 ************

Training agent...


********** Iteration 179000 ************

Training agent...


********** Iteration 180000 ************

Training agent...

Beginning logging procedure...
Timestep 180001
mean reward (100 episodes) 57.043517
best mean reward 57.043517
running time 636.051594
Train_EnvstepsSoFar : 180001
Train_AverageReturn : 57.04351738596311
Train_BestReturn : 57.04351738596311
TimeSinceStart : 636.051593542099
Training Loss : 0.46288880705833435
Done logging...




********** Iteration 181000 ************

Training agent...


********** Iteration 182000 ************

Training agent...


********** Iteration 183000 ************

Training agent...


********** Iteration 184000 ************

Training agent...


********** Iteration 185000 ************

Training agent...


********** Iteration 186000 ************

Training agent...


********** Iteration 187000 ************

Training agent...


********** Iteration 188000 ************

Training agent...


********** Iteration 189000 ************

Training agent...


********** Iteration 190000 ************

Training agent...

Beginning logging procedure...
Timestep 190001
mean reward (100 episodes) 66.480996
best mean reward 66.480996
running time 670.099216
Train_EnvstepsSoFar : 190001
Train_AverageReturn : 66.4809960770243
Train_BestReturn : 66.4809960770243
TimeSinceStart : 670.0992164611816
Training Loss : 0.10655782371759415
Done logging...




********** Iteration 191000 ************

Training agent...


********** Iteration 192000 ************

Training agent...


********** Iteration 193000 ************

Training agent...


********** Iteration 194000 ************

Training agent...


********** Iteration 195000 ************

Training agent...


********** Iteration 196000 ************

Training agent...


********** Iteration 197000 ************

Training agent...


********** Iteration 198000 ************

Training agent...


********** Iteration 199000 ************

Training agent...


********** Iteration 200000 ************

Training agent...

Beginning logging procedure...
Timestep 200001
mean reward (100 episodes) 60.415762
best mean reward 66.480996
running time 706.246657
Train_EnvstepsSoFar : 200001
Train_AverageReturn : 60.41576165903365
Train_BestReturn : 66.4809960770243
TimeSinceStart : 706.246657371521
Training Loss : 0.3796631991863251
Done logging...




********** Iteration 201000 ************

Training agent...


********** Iteration 202000 ************

Training agent...


********** Iteration 203000 ************

Training agent...


********** Iteration 204000 ************

Training agent...


********** Iteration 205000 ************

Training agent...


********** Iteration 206000 ************

Training agent...


********** Iteration 207000 ************

Training agent...


********** Iteration 208000 ************

Training agent...


********** Iteration 209000 ************

Training agent...


********** Iteration 210000 ************

Training agent...

Beginning logging procedure...
Timestep 210001
mean reward (100 episodes) 61.163421
best mean reward 66.480996
running time 740.846804
Train_EnvstepsSoFar : 210001
Train_AverageReturn : 61.16342122406971
Train_BestReturn : 66.4809960770243
TimeSinceStart : 740.8468036651611
Training Loss : 0.1403205692768097
Done logging...




********** Iteration 211000 ************

Training agent...


********** Iteration 212000 ************

Training agent...


********** Iteration 213000 ************

Training agent...


********** Iteration 214000 ************

Training agent...


********** Iteration 215000 ************

Training agent...


********** Iteration 216000 ************

Training agent...


********** Iteration 217000 ************

Training agent...


********** Iteration 218000 ************

Training agent...


********** Iteration 219000 ************

Training agent...


********** Iteration 220000 ************

Training agent...

Beginning logging procedure...
Timestep 220001
mean reward (100 episodes) 63.666042
best mean reward 66.480996
running time 774.837093
Train_EnvstepsSoFar : 220001
Train_AverageReturn : 63.66604152188912
Train_BestReturn : 66.4809960770243
TimeSinceStart : 774.8370931148529
Training Loss : 0.9814533591270447
Done logging...




********** Iteration 221000 ************

Training agent...


********** Iteration 222000 ************

Training agent...


********** Iteration 223000 ************

Training agent...


********** Iteration 224000 ************

Training agent...


********** Iteration 225000 ************

Training agent...


********** Iteration 226000 ************

Training agent...


********** Iteration 227000 ************

Training agent...


********** Iteration 228000 ************

Training agent...


********** Iteration 229000 ************

Training agent...


********** Iteration 230000 ************

Training agent...

Beginning logging procedure...
Timestep 230001
mean reward (100 episodes) 58.580486
best mean reward 66.480996
running time 806.522048
Train_EnvstepsSoFar : 230001
Train_AverageReturn : 58.580485639019564
Train_BestReturn : 66.4809960770243
TimeSinceStart : 806.5220477581024
Training Loss : 0.8846731781959534
Done logging...




********** Iteration 231000 ************

Training agent...


********** Iteration 232000 ************

Training agent...


********** Iteration 233000 ************

Training agent...


********** Iteration 234000 ************

Training agent...


********** Iteration 235000 ************

Training agent...


********** Iteration 236000 ************

Training agent...


********** Iteration 237000 ************

Training agent...


********** Iteration 238000 ************

Training agent...


********** Iteration 239000 ************

Training agent...


********** Iteration 240000 ************

Training agent...

Beginning logging procedure...
Timestep 240001
mean reward (100 episodes) 72.312899
best mean reward 72.312899
running time 836.115779
Train_EnvstepsSoFar : 240001
Train_AverageReturn : 72.31289863153476
Train_BestReturn : 72.31289863153476
TimeSinceStart : 836.1157793998718
Training Loss : 0.9268552660942078
Done logging...




********** Iteration 241000 ************

Training agent...


********** Iteration 242000 ************

Training agent...


********** Iteration 243000 ************

Training agent...


********** Iteration 244000 ************

Training agent...


********** Iteration 245000 ************

Training agent...


********** Iteration 246000 ************

Training agent...


********** Iteration 247000 ************

Training agent...


********** Iteration 248000 ************

Training agent...


********** Iteration 249000 ************

Training agent...


********** Iteration 250000 ************

Training agent...

Beginning logging procedure...
Timestep 250001
mean reward (100 episodes) 88.521151
best mean reward 88.521151
running time 867.198139
Train_EnvstepsSoFar : 250001
Train_AverageReturn : 88.52115059605025
Train_BestReturn : 88.52115059605025
TimeSinceStart : 867.1981394290924
Training Loss : 0.3870076835155487
Done logging...




********** Iteration 251000 ************

Training agent...


********** Iteration 252000 ************

Training agent...


********** Iteration 253000 ************

Training agent...


********** Iteration 254000 ************

Training agent...


********** Iteration 255000 ************

Training agent...


********** Iteration 256000 ************

Training agent...


********** Iteration 257000 ************

Training agent...


********** Iteration 258000 ************

Training agent...


********** Iteration 259000 ************

Training agent...


********** Iteration 260000 ************

Training agent...

Beginning logging procedure...
Timestep 260001
mean reward (100 episodes) 98.833926
best mean reward 98.833926
running time 898.813027
Train_EnvstepsSoFar : 260001
Train_AverageReturn : 98.83392600794906
Train_BestReturn : 98.83392600794906
TimeSinceStart : 898.8130266666412
Training Loss : 0.5318962931632996
Done logging...




********** Iteration 261000 ************

Training agent...


********** Iteration 262000 ************

Training agent...


********** Iteration 263000 ************

Training agent...


********** Iteration 264000 ************

Training agent...


********** Iteration 265000 ************

Training agent...


********** Iteration 266000 ************

Training agent...


********** Iteration 267000 ************

Training agent...


********** Iteration 268000 ************

Training agent...


********** Iteration 269000 ************

Training agent...


********** Iteration 270000 ************

Training agent...

Beginning logging procedure...
Timestep 270001
mean reward (100 episodes) 97.632650
best mean reward 98.833926
running time 927.729288
Train_EnvstepsSoFar : 270001
Train_AverageReturn : 97.63264990354236
Train_BestReturn : 98.83392600794906
TimeSinceStart : 927.7292881011963
Training Loss : 0.2501782774925232
Done logging...




********** Iteration 271000 ************

Training agent...


********** Iteration 272000 ************

Training agent...


********** Iteration 273000 ************

Training agent...


********** Iteration 274000 ************

Training agent...


********** Iteration 275000 ************

Training agent...


********** Iteration 276000 ************

Training agent...


********** Iteration 277000 ************

Training agent...


********** Iteration 278000 ************

Training agent...


********** Iteration 279000 ************

Training agent...


********** Iteration 280000 ************

Training agent...

Beginning logging procedure...
Timestep 280001
mean reward (100 episodes) 90.525048
best mean reward 98.833926
running time 958.178693
Train_EnvstepsSoFar : 280001
Train_AverageReturn : 90.52504798911863
Train_BestReturn : 98.83392600794906
TimeSinceStart : 958.1786932945251
Training Loss : 1.413259506225586
Done logging...




********** Iteration 281000 ************

Training agent...


********** Iteration 282000 ************

Training agent...


********** Iteration 283000 ************

Training agent...


********** Iteration 284000 ************

Training agent...


********** Iteration 285000 ************

Training agent...


********** Iteration 286000 ************

Training agent...


********** Iteration 287000 ************

Training agent...


********** Iteration 288000 ************

Training agent...


********** Iteration 289000 ************

Training agent...


********** Iteration 290000 ************

Training agent...

Beginning logging procedure...
Timestep 290001
mean reward (100 episodes) 101.256570
best mean reward 101.256570
running time 985.624221
Train_EnvstepsSoFar : 290001
Train_AverageReturn : 101.2565699400143
Train_BestReturn : 101.2565699400143
TimeSinceStart : 985.6242206096649
Training Loss : 0.15926679968833923
Done logging...




********** Iteration 291000 ************

Training agent...


********** Iteration 292000 ************

Training agent...


********** Iteration 293000 ************

Training agent...


********** Iteration 294000 ************

Training agent...


********** Iteration 295000 ************

Training agent...


********** Iteration 296000 ************

Training agent...


********** Iteration 297000 ************

Training agent...


********** Iteration 298000 ************

Training agent...


********** Iteration 299000 ************

Training agent...


********** Iteration 300000 ************

Training agent...

Beginning logging procedure...
Timestep 300001
mean reward (100 episodes) 109.927478
best mean reward 109.927478
running time 1014.284250
Train_EnvstepsSoFar : 300001
Train_AverageReturn : 109.92747772117932
Train_BestReturn : 109.92747772117932
TimeSinceStart : 1014.2842495441437
Training Loss : 0.15135788917541504
Done logging...


